We get to the point with an error
BCEZYFDaHIJKM	B	 M	true	 Min:12
BCEZYFDaHIJKM	C	 M	true	 Min:11
BCEZYFDaHIJKM	Z	 M	true	 Min:10
BCEZYFDaHIJKM	D	 M	true	 Min:9
BCEZYFDaHIJKM	E	 M	true	 Min:10
BCEZYFDaHIJKM	"	 M	true	 Min:11
BCEZYFDaHIJKM	!	 M	true	 Min:12
BCEZYFDaHIJKM	Y	 M	true	 Min:13
BCEZYFDaHIJKM	F	 M	true	 Min:12
BCEZYFDaHIJKM	a	 M	true	 Min:11
BCEZYFDaHIJKM	H	 M	true	 Min:10
BCEZYFDaHIJKM	G	 M	true	 Min:11
BCEZYFDaHIJKM	I	 M	true	 Min:10
BCEZYFDaHIJKM	J	 M	true	 Min:9
BCEZYFDaHIJKM	K	 M	true	 Min:8
BCEZYFDaHIJKM	Ã	 M	true	 Min:9
BCEZYFDaHIJKM	§	 M	true	 Min:10
BCEZYFDaHIJKM	M	 M	false	 Min:9
BCEZYFDaHIJKM	L	 M	true	 Min:10
BCEZYFDaHIJKM	Â	 M	true	 Min:11
BCEZYFDaHIJKM	¸	 M	true	 Min:12
BCEZYFDaHIJKM	.	 M	true	 Min:13
BCEZYFDaHIJKM	/	 M	true	 Min:14
BCEZYFDaHIJKM	N	 M	true	 Min:15
BCEZYFDaHIJKM	b	 M	true	 Min:16
BCEZYFDaHIJKM	O	 M	true	 Min:17
BCEZYFDaHIJKM	P	 M	true	 Min:18
BCEZYFDaHIJKM	Q	 M	true	 Min:19
BCEZYFDaHIJKM	R	 M	true	 Min:20
BCEZYFDaHIJKM	c	 M	true	 Min:21
BCEZYFDaHIJKM	S	 M	true	 Min:22
BCEZYFDaHIJKM	T	 M	true	 Min:23
BCEZYFDaHIJKM	U	 M	true	 Min:24
BCEZYFDaHIJKM	V	 M	true	 Min:25
BCEZYFDaHIJKM	Â	 M	true	 Min:26
BCEZYFDaHIJKM	ª	 M	true	 Min:27
BCEZYFDaHIJKM	W	 M	true	 Min:28
BCEZYFDaHIJKM	X	 M	true	 Min:29
BCEZYFDaHIJKML	B	 L	true	 Min:13
BCEZYFDaHIJKML	C	 L	true	 Min:12
BCEZYFDaHIJKML	Z	 L	true	 Min:11
BCEZYFDaHIJKML	D	 L	true	 Min:10
BCEZYFDaHIJKML	E	 L	true	 Min:11
BCEZYFDaHIJKML	"	 L	true	 Min:12
BCEZYFDaHIJKML	!	 L	true	 Min:13
BCEZYFDaHIJKML	Y	 L	true	 Min:14
BCEZYFDaHIJKML	F	 L	true	 Min:13
BCEZYFDaHIJKML	a	 L	true	 Min:12
BCEZYFDaHIJKML	H	 L	true	 Min:11
BCEZYFDaHIJKML	G	 L	true	 Min:12
BCEZYFDaHIJKML	I	 L	true	 Min:11
BCEZYFDaHIJKML	J	 L	true	 Min:10
BCEZYFDaHIJKML	K	 L	true	 Min:9
BCEZYFDaHIJKML	Ã	 L	true	 Min:10
BCEZYFDaHIJKML	§	 L	true	 Min:11
BCEZYFDaHIJKML	M	 L	true	 Min:10
BCEZYFDaHIJKML	L	 L	false	 Min:9
BCEZYFDaHIJKML	Â	 L	true	 Min:10
BCEZYFDaHIJKML	¸	 L	true	 Min:11
BCEZYFDaHIJKML	.	 L	true	 Min:12
BCEZYFDaHIJKML	/	 L	true	 Min:13
BCEZYFDaHIJKML	N	 L	true	 Min:14
BCEZYFDaHIJKML	b	 L	true	 Min:15
BCEZYFDaHIJKML	O	 L	true	 Min:16
BCEZYFDaHIJKML	P	 L	true	 Min:17
BCEZYFDaHIJKML	Q	 L	true	 Min:18
BCEZYFDaHIJKML	R	 L	true	 Min:19
BCEZYFDaHIJKML	c	 L	true	 Min:20
BCEZYFDaHIJKML	S	 L	true	 Min:21
BCEZYFDaHIJKML	T	 L	true	 Min:22
BCEZYFDaHIJKML	U	 L	true	 Min:23
BCEZYFDaHIJKML	V	 L	true	 Min:24
BCEZYFDaHIJKML	Â	 L	true	 Min:25
BCEZYFDaHIJKML	ª	 L	true	 Min:26
BCEZYFDaHIJKML	W	 L	true	 Min:27
BCEZYFDaHIJKML	X	 L	true	 Min:28
BCEZYFDaHIJKMLN	B	 N	true	 Min:14
BCEZYFDaHIJKMLN	C	 N	true	 Min:13
BCEZYFDaHIJKMLN	Z	 N	true	 Min:12
BCEZYFDaHIJKMLN	D	 N	true	 Min:11
BCEZYFDaHIJKMLN	E	 N	true	 Min:12
BCEZYFDaHIJKMLN	"	 N	true	 Min:13
BCEZYFDaHIJKMLN	!	 N	true	 Min:14
BCEZYFDaHIJKMLN	Y	 N	true	 Min:15
BCEZYFDaHIJKMLN	F	 N	true	 Min:14
BCEZYFDaHIJKMLN	a	 N	true	 Min:13
BCEZYFDaHIJKMLN	H	 N	true	 Min:12
BCEZYFDaHIJKMLN	G	 N	true	 Min:13
BCEZYFDaHIJKMLN	I	 N	true	 Min:12
BCEZYFDaHIJKMLN	J	 N	true	 Min:11
BCEZYFDaHIJKMLN	K	 N	true	 Min:10
BCEZYFDaHIJKMLN	Ã	 N	true	 Min:11
BCEZYFDaHIJKMLN	§	 N	true	 Min:12
BCEZYFDaHIJKMLN	M	 N	true	 Min:11
BCEZYFDaHIJKMLN	L	 N	true	 Min:10
BCEZYFDaHIJKMLN	Â	 N	true	 Min:11
BCEZYFDaHIJKMLN	¸	 N	true	 Min:12
BCEZYFDaHIJKMLN	.	 N	true	 Min:13
BCEZYFDaHIJKMLN	/	 N	true	 Min:14
BCEZYFDaHIJKMLN	N	 N	false	 Min:13
BCEZYFDaHIJKMLN	b	 N	true	 Min:14
BCEZYFDaHIJKMLN	O	 N	true	 Min:15
BCEZYFDaHIJKMLN	P	 N	true	 Min:16
BCEZYFDaHIJKMLN	Q	 N	true	 Min:17
BCEZYFDaHIJKMLN	R	 N	true	 Min:18
BCEZYFDaHIJKMLN	c	 N	true	 Min:19
BCEZYFDaHIJKMLN	S	 N	true	 Min:20
BCEZYFDaHIJKMLN	T	 N	true	 Min:21
BCEZYFDaHIJKMLN	U	 N	true	 Min:22
BCEZYFDaHIJKMLN	V	 N	true	 Min:23
BCEZYFDaHIJKMLN	Â	 N	true	 Min:24
BCEZYFDaHIJKMLN	ª	 N	true	 Min:25
BCEZYFDaHIJKMLN	W	 N	true	 Min:26
BCEZYFDaHIJKMLN	X	 N	true	 Min:27
BCEZYFDaHIJKMLNb	B	 b	true	 Min:15
BCEZYFDaHIJKMLNb	C	 b	true	 Min:14
BCEZYFDaHIJKMLNb	Z	 b	true	 Min:13
BCEZYFDaHIJKMLNb	D	 b	true	 Min:12
BCEZYFDaHIJKMLNb	E	 b	true	 Min:13
BCEZYFDaHIJKMLNb	"	 b	true	 Min:14
BCEZYFDaHIJKMLNb	!	 b	true	 Min:15
BCEZYFDaHIJKMLNb	Y	 b	true	 Min:16
BCEZYFDaHIJKMLNb	F	 b	true	 Min:15
BCEZYFDaHIJKMLNb	a	 b	true	 Min:14
BCEZYFDaHIJKMLNb	H	 b	true	 Min:13
BCEZYFDaHIJKMLNb	G	 b	true	 Min:14
BCEZYFDaHIJKMLNb	I	 b	true	 Min:13
BCEZYFDaHIJKMLNb	J	 b	true	 Min:12
BCEZYFDaHIJKMLNb	K	 b	true	 Min:11
BCEZYFDaHIJKMLNb	Ã	 b	true	 Min:12
BCEZYFDaHIJKMLNb	§	 b	true	 Min:13
BCEZYFDaHIJKMLNb	M	 b	true	 Min:12
BCEZYFDaHIJKMLNb	L	 b	true	 Min:11
BCEZYFDaHIJKMLNb	Â	 b	true	 Min:12
BCEZYFDaHIJKMLNb	¸	 b	true	 Min:13
BCEZYFDaHIJKMLNb	.	 b	true	 Min:14
BCEZYFDaHIJKMLNb	/	 b	true	 Min:15
BCEZYFDaHIJKMLNb	N	 b	true	 Min:14
BCEZYFDaHIJKMLNb	b	 b	false	 Min:13
BCEZYFDaHIJKMLNb	O	 b	true	 Min:14
BCEZYFDaHIJKMLNb	P	 b	true	 Min:15
BCEZYFDaHIJKMLNb	Q	 b	true	 Min:16
BCEZYFDaHIJKMLNb	R	 b	true	 Min:17
BCEZYFDaHIJKMLNb	c	 b	true	 Min:18
BCEZYFDaHIJKMLNb	S	 b	true	 Min:19
BCEZYFDaHIJKMLNb	T	 b	true	 Min:20
BCEZYFDaHIJKMLNb	U	 b	true	 Min:21
BCEZYFDaHIJKMLNb	V	 b	true	 Min:22
BCEZYFDaHIJKMLNb	Â	 b	true	 Min:23
BCEZYFDaHIJKMLNb	ª	 b	true	 Min:24
BCEZYFDaHIJKMLNb	W	 b	true	 Min:25
BCEZYFDaHIJKMLNb	X	 b	true	 Min:26
BCEZYFDaHIJKMLNbO	B	 O	true	 Min:16
BCEZYFDaHIJKMLNbO	C	 O	true	 Min:15
BCEZYFDaHIJKMLNbO	Z	 O	true	 Min:14
BCEZYFDaHIJKMLNbO	D	 O	true	 Min:13
BCEZYFDaHIJKMLNbO	E	 O	true	 Min:14
BCEZYFDaHIJKMLNbO	"	 O	true	 Min:15
BCEZYFDaHIJKMLNbO	!	 O	true	 Min:16
BCEZYFDaHIJKMLNbO	Y	 O	true	 Min:17
BCEZYFDaHIJKMLNbO	F	 O	true	 Min:16
BCEZYFDaHIJKMLNbO	a	 O	true	 Min:15
BCEZYFDaHIJKMLNbO	H	 O	true	 Min:14
BCEZYFDaHIJKMLNbO	G	 O	true	 Min:15
BCEZYFDaHIJKMLNbO	I	 O	true	 Min:14
BCEZYFDaHIJKMLNbO	J	 O	true	 Min:13
BCEZYFDaHIJKMLNbO	K	 O	true	 Min:12
BCEZYFDaHIJKMLNbO	Ã	 O	true	 Min:13
BCEZYFDaHIJKMLNbO	§	 O	true	 Min:14
BCEZYFDaHIJKMLNbO	M	 O	true	 Min:13
BCEZYFDaHIJKMLNbO	L	 O	true	 Min:12
BCEZYFDaHIJKMLNbO	Â	 O	true	 Min:13
BCEZYFDaHIJKMLNbO	¸	 O	true	 Min:14
BCEZYFDaHIJKMLNbO	.	 O	true	 Min:15
BCEZYFDaHIJKMLNbO	/	 O	true	 Min:16
BCEZYFDaHIJKMLNbO	N	 O	true	 Min:15
BCEZYFDaHIJKMLNbO	b	 O	true	 Min:14
BCEZYFDaHIJKMLNbO	O	 O	false	 Min:13
BCEZYFDaHIJKMLNbO	P	 O	true	 Min:14
BCEZYFDaHIJKMLNbO	Q	 O	true	 Min:15
BCEZYFDaHIJKMLNbO	R	 O	true	 Min:16
BCEZYFDaHIJKMLNbO	c	 O	true	 Min:17
BCEZYFDaHIJKMLNbO	S	 O	true	 Min:18
BCEZYFDaHIJKMLNbO	T	 O	true	 Min:19
BCEZYFDaHIJKMLNbO	U	 O	true	 Min:20
BCEZYFDaHIJKMLNbO	V	 O	true	 Min:21
BCEZYFDaHIJKMLNbO	Â	 O	true	 Min:22
BCEZYFDaHIJKMLNbO	ª	 O	true	 Min:23
BCEZYFDaHIJKMLNbO	W	 O	true	 Min:24
BCEZYFDaHIJKMLNbO	X	 O	true	 Min:25
BCEZYFDaHIJKMLNbOQ	B	 Q	true	 Min:17
BCEZYFDaHIJKMLNbOQ	C	 Q	true	 Min:16
BCEZYFDaHIJKMLNbOQ	Z	 Q	true	 Min:15
BCEZYFDaHIJKMLNbOQ	D	 Q	true	 Min:14
BCEZYFDaHIJKMLNbOQ	E	 Q	true	 Min:15
BCEZYFDaHIJKMLNbOQ	"	 Q	true	 Min:16
BCEZYFDaHIJKMLNbOQ	!	 Q	true	 Min:17
BCEZYFDaHIJKMLNbOQ	Y	 Q	true	 Min:18
BCEZYFDaHIJKMLNbOQ	F	 Q	true	 Min:17
BCEZYFDaHIJKMLNbOQ	a	 Q	true	 Min:16
BCEZYFDaHIJKMLNbOQ	H	 Q	true	 Min:15
BCEZYFDaHIJKMLNbOQ	G	 Q	true	 Min:16
BCEZYFDaHIJKMLNbOQ	I	 Q	true	 Min:15
BCEZYFDaHIJKMLNbOQ	J	 Q	true	 Min:14
BCEZYFDaHIJKMLNbOQ	K	 Q	true	 Min:13
BCEZYFDaHIJKMLNbOQ	Ã	 Q	true	 Min:14
BCEZYFDaHIJKMLNbOQ	§	 Q	true	 Min:15
BCEZYFDaHIJKMLNbOQ	M	 Q	true	 Min:14
BCEZYFDaHIJKMLNbOQ	L	 Q	true	 Min:13
BCEZYFDaHIJKMLNbOQ	Â	 Q	true	 Min:14
BCEZYFDaHIJKMLNbOQ	¸	 Q	true	 Min:15
BCEZYFDaHIJKMLNbOQ	.	 Q	true	 Min:16
BCEZYFDaHIJKMLNbOQ	/	 Q	true	 Min:17
BCEZYFDaHIJKMLNbOQ	N	 Q	true	 Min:16
BCEZYFDaHIJKMLNbOQ	b	 Q	true	 Min:15
BCEZYFDaHIJKMLNbOQ	O	 Q	true	 Min:14
BCEZYFDaHIJKMLNbOQ	P	 Q	true	 Min:15
BCEZYFDaHIJKMLNbOQ	Q	 Q	false	 Min:14
BCEZYFDaHIJKMLNbOQ	R	 Q	true	 Min:15
BCEZYFDaHIJKMLNbOQ	c	 Q	true	 Min:16
BCEZYFDaHIJKMLNbOQ	S	 Q	true	 Min:17
BCEZYFDaHIJKMLNbOQ	T	 Q	true	 Min:18
BCEZYFDaHIJKMLNbOQ	U	 Q	true	 Min:19
BCEZYFDaHIJKMLNbOQ	V	 Q	true	 Min:20
BCEZYFDaHIJKMLNbOQ	Â	 Q	true	 Min:21
BCEZYFDaHIJKMLNbOQ	ª	 Q	true	 Min:22
BCEZYFDaHIJKMLNbOQ	W	 Q	true	 Min:23
BCEZYFDaHIJKMLNbOQ	X	 Q	true	 Min:24
BCEZYFDaHIJKMLNbOQR	B	 R	true	 Min:18
BCEZYFDaHIJKMLNbOQR	C	 R	true	 Min:17
BCEZYFDaHIJKMLNbOQR	Z	 R	true	 Min:16
BCEZYFDaHIJKMLNbOQR	D	 R	true	 Min:15
BCEZYFDaHIJKMLNbOQR	E	 R	true	 Min:16
BCEZYFDaHIJKMLNbOQR	"	 R	true	 Min:17
BCEZYFDaHIJKMLNbOQR	!	 R	true	 Min:18
BCEZYFDaHIJKMLNbOQR	Y	 R	true	 Min:19
BCEZYFDaHIJKMLNbOQR	F	 R	true	 Min:18
BCEZYFDaHIJKMLNbOQR	a	 R	true	 Min:17
BCEZYFDaHIJKMLNbOQR	H	 R	true	 Min:16
BCEZYFDaHIJKMLNbOQR	G	 R	true	 Min:17
BCEZYFDaHIJKMLNbOQR	I	 R	true	 Min:16
BCEZYFDaHIJKMLNbOQR	J	 R	true	 Min:15
BCEZYFDaHIJKMLNbOQR	K	 R	true	 Min:14
BCEZYFDaHIJKMLNbOQR	Ã	 R	true	 Min:15
BCEZYFDaHIJKMLNbOQR	§	 R	true	 Min:16
BCEZYFDaHIJKMLNbOQR	M	 R	true	 Min:15
BCEZYFDaHIJKMLNbOQR	L	 R	true	 Min:14
BCEZYFDaHIJKMLNbOQR	Â	 R	true	 Min:15
BCEZYFDaHIJKMLNbOQR	¸	 R	true	 Min:16
BCEZYFDaHIJKMLNbOQR	.	 R	true	 Min:17
BCEZYFDaHIJKMLNbOQR	/	 R	true	 Min:18
BCEZYFDaHIJKMLNbOQR	N	 R	true	 Min:17
BCEZYFDaHIJKMLNbOQR	b	 R	true	 Min:16
BCEZYFDaHIJKMLNbOQR	O	 R	true	 Min:15
BCEZYFDaHIJKMLNbOQR	P	 R	true	 Min:16
BCEZYFDaHIJKMLNbOQR	Q	 R	true	 Min:15
BCEZYFDaHIJKMLNbOQR	R	 R	false	 Min:14
BCEZYFDaHIJKMLNbOQR	c	 R	true	 Min:15
BCEZYFDaHIJKMLNbOQR	S	 R	true	 Min:16
BCEZYFDaHIJKMLNbOQR	T	 R	true	 Min:17
BCEZYFDaHIJKMLNbOQR	U	 R	true	 Min:18
BCEZYFDaHIJKMLNbOQR	V	 R	true	 Min:19
BCEZYFDaHIJKMLNbOQR	Â	 R	true	 Min:20
BCEZYFDaHIJKMLNbOQR	ª	 R	true	 Min:21
BCEZYFDaHIJKMLNbOQR	W	 R	true	 Min:22
BCEZYFDaHIJKMLNbOQR	X	 R	true	 Min:23
BCEZYFDaHIJKMLNbOQRP	B	 P	true	 Min:19
BCEZYFDaHIJKMLNbOQRP	C	 P	true	 Min:18
BCEZYFDaHIJKMLNbOQRP	Z	 P	true	 Min:17
BCEZYFDaHIJKMLNbOQRP	D	 P	true	 Min:16
BCEZYFDaHIJKMLNbOQRP	E	 P	true	 Min:17
BCEZYFDaHIJKMLNbOQRP	"	 P	true	 Min:18
BCEZYFDaHIJKMLNbOQRP	!	 P	true	 Min:19
BCEZYFDaHIJKMLNbOQRP	Y	 P	true	 Min:20
BCEZYFDaHIJKMLNbOQRP	F	 P	true	 Min:19
BCEZYFDaHIJKMLNbOQRP	a	 P	true	 Min:18
BCEZYFDaHIJKMLNbOQRP	H	 P	true	 Min:17
BCEZYFDaHIJKMLNbOQRP	G	 P	true	 Min:18
BCEZYFDaHIJKMLNbOQRP	I	 P	true	 Min:17
BCEZYFDaHIJKMLNbOQRP	J	 P	true	 Min:16
BCEZYFDaHIJKMLNbOQRP	K	 P	true	 Min:15
BCEZYFDaHIJKMLNbOQRP	Ã	 P	true	 Min:16
BCEZYFDaHIJKMLNbOQRP	§	 P	true	 Min:17
BCEZYFDaHIJKMLNbOQRP	M	 P	true	 Min:16
BCEZYFDaHIJKMLNbOQRP	L	 P	true	 Min:15
BCEZYFDaHIJKMLNbOQRP	Â	 P	true	 Min:16
BCEZYFDaHIJKMLNbOQRP	¸	 P	true	 Min:17
BCEZYFDaHIJKMLNbOQRP	.	 P	true	 Min:18
BCEZYFDaHIJKMLNbOQRP	/	 P	true	 Min:19
BCEZYFDaHIJKMLNbOQRP	N	 P	true	 Min:18
BCEZYFDaHIJKMLNbOQRP	b	 P	true	 Min:17
BCEZYFDaHIJKMLNbOQRP	O	 P	true	 Min:16
BCEZYFDaHIJKMLNbOQRP	P	 P	false	 Min:15
BCEZYFDaHIJKMLNbOQRP	Q	 P	true	 Min:16
BCEZYFDaHIJKMLNbOQRP	R	 P	true	 Min:15
BCEZYFDaHIJKMLNbOQRP	c	 P	true	 Min:16
BCEZYFDaHIJKMLNbOQRP	S	 P	true	 Min:17
BCEZYFDaHIJKMLNbOQRP	T	 P	true	 Min:18
BCEZYFDaHIJKMLNbOQRP	U	 P	true	 Min:19
BCEZYFDaHIJKMLNbOQRP	V	 P	true	 Min:20
BCEZYFDaHIJKMLNbOQRP	Â	 P	true	 Min:21
BCEZYFDaHIJKMLNbOQRP	ª	 P	true	 Min:22
BCEZYFDaHIJKMLNbOQRP	W	 P	true	 Min:23
BCEZYFDaHIJKMLNbOQRP	X	 P	true	 Min:24
BCEZYFDaHIJKMLNbOQRPQ	B	 Q	true	 Min:20
BCEZYFDaHIJKMLNbOQRPQ	C	 Q	true	 Min:19
BCEZYFDaHIJKMLNbOQRPQ	Z	 Q	true	 Min:18
BCEZYFDaHIJKMLNbOQRPQ	D	 Q	true	 Min:17
BCEZYFDaHIJKMLNbOQRPQ	E	 Q	true	 Min:18
BCEZYFDaHIJKMLNbOQRPQ	"	 Q	true	 Min:19
BCEZYFDaHIJKMLNbOQRPQ	!	 Q	true	 Min:20
BCEZYFDaHIJKMLNbOQRPQ	Y	 Q	true	 Min:21
BCEZYFDaHIJKMLNbOQRPQ	F	 Q	true	 Min:20
BCEZYFDaHIJKMLNbOQRPQ	a	 Q	true	 Min:19
BCEZYFDaHIJKMLNbOQRPQ	H	 Q	true	 Min:18
BCEZYFDaHIJKMLNbOQRPQ	G	 Q	true	 Min:19
BCEZYFDaHIJKMLNbOQRPQ	I	 Q	true	 Min:18
BCEZYFDaHIJKMLNbOQRPQ	J	 Q	true	 Min:17
BCEZYFDaHIJKMLNbOQRPQ	K	 Q	true	 Min:16
BCEZYFDaHIJKMLNbOQRPQ	Ã	 Q	true	 Min:17
BCEZYFDaHIJKMLNbOQRPQ	§	 Q	true	 Min:18
BCEZYFDaHIJKMLNbOQRPQ	M	 Q	true	 Min:17
BCEZYFDaHIJKMLNbOQRPQ	L	 Q	true	 Min:16
BCEZYFDaHIJKMLNbOQRPQ	Â	 Q	true	 Min:17
BCEZYFDaHIJKMLNbOQRPQ	¸	 Q	true	 Min:18
BCEZYFDaHIJKMLNbOQRPQ	.	 Q	true	 Min:19
BCEZYFDaHIJKMLNbOQRPQ	/	 Q	true	 Min:20
BCEZYFDaHIJKMLNbOQRPQ	N	 Q	true	 Min:19
BCEZYFDaHIJKMLNbOQRPQ	b	 Q	true	 Min:18
BCEZYFDaHIJKMLNbOQRPQ	O	 Q	true	 Min:17
BCEZYFDaHIJKMLNbOQRPQ	P	 Q	true	 Min:16
BCEZYFDaHIJKMLNbOQRPQ	Q	 Q	false	 Min:15
BCEZYFDaHIJKMLNbOQRPQ	R	 Q	true	 Min:16
BCEZYFDaHIJKMLNbOQRPQ	c	 Q	true	 Min:17
BCEZYFDaHIJKMLNbOQRPQ	S	 Q	true	 Min:18
BCEZYFDaHIJKMLNbOQRPQ	T	 Q	true	 Min:19
BCEZYFDaHIJKMLNbOQRPQ	U	 Q	true	 Min:20
BCEZYFDaHIJKMLNbOQRPQ	V	 Q	true	 Min:21
BCEZYFDaHIJKMLNbOQRPQ	Â	 Q	true	 Min:22
BCEZYFDaHIJKMLNbOQRPQ	ª	 Q	true	 Min:23
BCEZYFDaHIJKMLNbOQRPQ	W	 Q	true	 Min:24
BCEZYFDaHIJKMLNbOQRPQ	X	 Q	true	 Min:25
BCEZYFDaHIJKMLNbOQRPQR	B	 R	true	 Min:21
BCEZYFDaHIJKMLNbOQRPQR	C	 R	true	 Min:20
BCEZYFDaHIJKMLNbOQRPQR	Z	 R	true	 Min:19
BCEZYFDaHIJKMLNbOQRPQR	D	 R	true	 Min:18
BCEZYFDaHIJKMLNbOQRPQR	E	 R	true	 Min:19
BCEZYFDaHIJKMLNbOQRPQR	"	 R	true	 Min:20
BCEZYFDaHIJKMLNbOQRPQR	!	 R	true	 Min:21
BCEZYFDaHIJKMLNbOQRPQR	Y	 R	true	 Min:22
BCEZYFDaHIJKMLNbOQRPQR	F	 R	true	 Min:21
BCEZYFDaHIJKMLNbOQRPQR	a	 R	true	 Min:20
BCEZYFDaHIJKMLNbOQRPQR	H	 R	true	 Min:19
BCEZYFDaHIJKMLNbOQRPQR	G	 R	true	 Min:20
BCEZYFDaHIJKMLNbOQRPQR	I	 R	true	 Min:19
BCEZYFDaHIJKMLNbOQRPQR	J	 R	true	 Min:18
BCEZYFDaHIJKMLNbOQRPQR	K	 R	true	 Min:17
BCEZYFDaHIJKMLNbOQRPQR	Ã	 R	true	 Min:18
BCEZYFDaHIJKMLNbOQRPQR	§	 R	true	 Min:19
BCEZYFDaHIJKMLNbOQRPQR	M	 R	true	 Min:18
BCEZYFDaHIJKMLNbOQRPQR	L	 R	true	 Min:17
BCEZYFDaHIJKMLNbOQRPQR	Â	 R	true	 Min:18
BCEZYFDaHIJKMLNbOQRPQR	¸	 R	true	 Min:19
BCEZYFDaHIJKMLNbOQRPQR	.	 R	true	 Min:20
BCEZYFDaHIJKMLNbOQRPQR	/	 R	true	 Min:21
BCEZYFDaHIJKMLNbOQRPQR	N	 R	true	 Min:20
BCEZYFDaHIJKMLNbOQRPQR	b	 R	true	 Min:19
BCEZYFDaHIJKMLNbOQRPQR	O	 R	true	 Min:18
BCEZYFDaHIJKMLNbOQRPQR	P	 R	true	 Min:17
BCEZYFDaHIJKMLNbOQRPQR	Q	 R	true	 Min:16
BCEZYFDaHIJKMLNbOQRPQR	R	 R	false	 Min:15
BCEZYFDaHIJKMLNbOQRPQR	c	 R	true	 Min:16
BCEZYFDaHIJKMLNbOQRPQR	S	 R	true	 Min:17
BCEZYFDaHIJKMLNbOQRPQR	T	 R	true	 Min:18
BCEZYFDaHIJKMLNbOQRPQR	U	 R	true	 Min:19
BCEZYFDaHIJKMLNbOQRPQR	V	 R	true	 Min:20
BCEZYFDaHIJKMLNbOQRPQR	Â	 R	true	 Min:21
BCEZYFDaHIJKMLNbOQRPQR	ª	 R	true	 Min:22
BCEZYFDaHIJKMLNbOQRPQR	W	 R	true	 Min:23
BCEZYFDaHIJKMLNbOQRPQR	X	 R	true	 Min:24
BCEZYFDaHIJKMLNbOQRPQRS	B	 S	true	 Min:22
BCEZYFDaHIJKMLNbOQRPQRS	C	 S	true	 Min:21
BCEZYFDaHIJKMLNbOQRPQRS	Z	 S	true	 Min:20
BCEZYFDaHIJKMLNbOQRPQRS	D	 S	true	 Min:19
BCEZYFDaHIJKMLNbOQRPQRS	E	 S	true	 Min:20
BCEZYFDaHIJKMLNbOQRPQRS	"	 S	true	 Min:21
BCEZYFDaHIJKMLNbOQRPQRS	!	 S	true	 Min:22
BCEZYFDaHIJKMLNbOQRPQRS	Y	 S	true	 Min:23
BCEZYFDaHIJKMLNbOQRPQRS	F	 S	true	 Min:22
BCEZYFDaHIJKMLNbOQRPQRS	a	 S	true	 Min:21
BCEZYFDaHIJKMLNbOQRPQRS	H	 S	true	 Min:20
BCEZYFDaHIJKMLNbOQRPQRS	G	 S	true	 Min:21
BCEZYFDaHIJKMLNbOQRPQRS	I	 S	true	 Min:20
BCEZYFDaHIJKMLNbOQRPQRS	J	 S	true	 Min:19
BCEZYFDaHIJKMLNbOQRPQRS	K	 S	true	 Min:18
BCEZYFDaHIJKMLNbOQRPQRS	Ã	 S	true	 Min:19
BCEZYFDaHIJKMLNbOQRPQRS	§	 S	true	 Min:20
BCEZYFDaHIJKMLNbOQRPQRS	M	 S	true	 Min:19
BCEZYFDaHIJKMLNbOQRPQRS	L	 S	true	 Min:18
BCEZYFDaHIJKMLNbOQRPQRS	Â	 S	true	 Min:19
BCEZYFDaHIJKMLNbOQRPQRS	¸	 S	true	 Min:20
BCEZYFDaHIJKMLNbOQRPQRS	.	 S	true	 Min:21
BCEZYFDaHIJKMLNbOQRPQRS	/	 S	true	 Min:22
BCEZYFDaHIJKMLNbOQRPQRS	N	 S	true	 Min:21
BCEZYFDaHIJKMLNbOQRPQRS	b	 S	true	 Min:20
BCEZYFDaHIJKMLNbOQRPQRS	O	 S	true	 Min:19
BCEZYFDaHIJKMLNbOQRPQRS	P	 S	true	 Min:18
BCEZYFDaHIJKMLNbOQRPQRS	Q	 S	true	 Min:17
BCEZYFDaHIJKMLNbOQRPQRS	R	 S	true	 Min:16
BCEZYFDaHIJKMLNbOQRPQRS	c	 S	true	 Min:17
BCEZYFDaHIJKMLNbOQRPQRS	S	 S	false	 Min:16
BCEZYFDaHIJKMLNbOQRPQRS	T	 S	true	 Min:17
BCEZYFDaHIJKMLNbOQRPQRS	U	 S	true	 Min:18
BCEZYFDaHIJKMLNbOQRPQRS	V	 S	true	 Min:19
BCEZYFDaHIJKMLNbOQRPQRS	Â	 S	true	 Min:20
BCEZYFDaHIJKMLNbOQRPQRS	ª	 S	true	 Min:21
BCEZYFDaHIJKMLNbOQRPQRS	W	 S	true	 Min:22
BCEZYFDaHIJKMLNbOQRPQRS	X	 S	true	 Min:23
BCEZYFDaHIJKMLNbOQRPQRST	B	 T	true	 Min:23
BCEZYFDaHIJKMLNbOQRPQRST	C	 T	true	 Min:22
BCEZYFDaHIJKMLNbOQRPQRST	Z	 T	true	 Min:21
BCEZYFDaHIJKMLNbOQRPQRST	D	 T	true	 Min:20
BCEZYFDaHIJKMLNbOQRPQRST	E	 T	true	 Min:21
BCEZYFDaHIJKMLNbOQRPQRST	"	 T	true	 Min:22
BCEZYFDaHIJKMLNbOQRPQRST	!	 T	true	 Min:23
BCEZYFDaHIJKMLNbOQRPQRST	Y	 T	true	 Min:24
BCEZYFDaHIJKMLNbOQRPQRST	F	 T	true	 Min:23
BCEZYFDaHIJKMLNbOQRPQRST	a	 T	true	 Min:22
BCEZYFDaHIJKMLNbOQRPQRST	H	 T	true	 Min:21
BCEZYFDaHIJKMLNbOQRPQRST	G	 T	true	 Min:22
BCEZYFDaHIJKMLNbOQRPQRST	I	 T	true	 Min:21
BCEZYFDaHIJKMLNbOQRPQRST	J	 T	true	 Min:20
BCEZYFDaHIJKMLNbOQRPQRST	K	 T	true	 Min:19
BCEZYFDaHIJKMLNbOQRPQRST	Ã	 T	true	 Min:20
BCEZYFDaHIJKMLNbOQRPQRST	§	 T	true	 Min:21
BCEZYFDaHIJKMLNbOQRPQRST	M	 T	true	 Min:20
BCEZYFDaHIJKMLNbOQRPQRST	L	 T	true	 Min:19
BCEZYFDaHIJKMLNbOQRPQRST	Â	 T	true	 Min:20
BCEZYFDaHIJKMLNbOQRPQRST	¸	 T	true	 Min:21
BCEZYFDaHIJKMLNbOQRPQRST	.	 T	true	 Min:22
BCEZYFDaHIJKMLNbOQRPQRST	/	 T	true	 Min:23
BCEZYFDaHIJKMLNbOQRPQRST	N	 T	true	 Min:22
BCEZYFDaHIJKMLNbOQRPQRST	b	 T	true	 Min:21
BCEZYFDaHIJKMLNbOQRPQRST	O	 T	true	 Min:20
BCEZYFDaHIJKMLNbOQRPQRST	P	 T	true	 Min:19
BCEZYFDaHIJKMLNbOQRPQRST	Q	 T	true	 Min:18
BCEZYFDaHIJKMLNbOQRPQRST	R	 T	true	 Min:17
BCEZYFDaHIJKMLNbOQRPQRST	c	 T	true	 Min:18
BCEZYFDaHIJKMLNbOQRPQRST	S	 T	true	 Min:17
BCEZYFDaHIJKMLNbOQRPQRST	T	 T	false	 Min:16
BCEZYFDaHIJKMLNbOQRPQRST	U	 T	true	 Min:17
BCEZYFDaHIJKMLNbOQRPQRST	V	 T	true	 Min:18
BCEZYFDaHIJKMLNbOQRPQRST	Â	 T	true	 Min:19
BCEZYFDaHIJKMLNbOQRPQRST	ª	 T	true	 Min:20
BCEZYFDaHIJKMLNbOQRPQRST	W	 T	true	 Min:21
BCEZYFDaHIJKMLNbOQRPQRST	X	 T	true	 Min:22
BCEZYFDaHIJKMLNbOQRPQRSTU	B	 U	true	 Min:24
BCEZYFDaHIJKMLNbOQRPQRSTU	C	 U	true	 Min:23
BCEZYFDaHIJKMLNbOQRPQRSTU	Z	 U	true	 Min:22
BCEZYFDaHIJKMLNbOQRPQRSTU	D	 U	true	 Min:21
BCEZYFDaHIJKMLNbOQRPQRSTU	E	 U	true	 Min:22
BCEZYFDaHIJKMLNbOQRPQRSTU	"	 U	true	 Min:23
BCEZYFDaHIJKMLNbOQRPQRSTU	!	 U	true	 Min:24
BCEZYFDaHIJKMLNbOQRPQRSTU	Y	 U	true	 Min:25
BCEZYFDaHIJKMLNbOQRPQRSTU	F	 U	true	 Min:24
BCEZYFDaHIJKMLNbOQRPQRSTU	a	 U	true	 Min:23
BCEZYFDaHIJKMLNbOQRPQRSTU	H	 U	true	 Min:22
BCEZYFDaHIJKMLNbOQRPQRSTU	G	 U	true	 Min:23
BCEZYFDaHIJKMLNbOQRPQRSTU	I	 U	true	 Min:22
BCEZYFDaHIJKMLNbOQRPQRSTU	J	 U	true	 Min:21
BCEZYFDaHIJKMLNbOQRPQRSTU	K	 U	true	 Min:20
BCEZYFDaHIJKMLNbOQRPQRSTU	Ã	 U	true	 Min:21
BCEZYFDaHIJKMLNbOQRPQRSTU	§	 U	true	 Min:22
BCEZYFDaHIJKMLNbOQRPQRSTU	M	 U	true	 Min:21
BCEZYFDaHIJKMLNbOQRPQRSTU	L	 U	true	 Min:20
BCEZYFDaHIJKMLNbOQRPQRSTU	Â	 U	true	 Min:21
BCEZYFDaHIJKMLNbOQRPQRSTU	¸	 U	true	 Min:22
BCEZYFDaHIJKMLNbOQRPQRSTU	.	 U	true	 Min:23
BCEZYFDaHIJKMLNbOQRPQRSTU	/	 U	true	 Min:24
BCEZYFDaHIJKMLNbOQRPQRSTU	N	 U	true	 Min:23
BCEZYFDaHIJKMLNbOQRPQRSTU	b	 U	true	 Min:22
BCEZYFDaHIJKMLNbOQRPQRSTU	O	 U	true	 Min:21
BCEZYFDaHIJKMLNbOQRPQRSTU	P	 U	true	 Min:20
BCEZYFDaHIJKMLNbOQRPQRSTU	Q	 U	true	 Min:19
BCEZYFDaHIJKMLNbOQRPQRSTU	R	 U	true	 Min:18
BCEZYFDaHIJKMLNbOQRPQRSTU	c	 U	true	 Min:19
BCEZYFDaHIJKMLNbOQRPQRSTU	S	 U	true	 Min:18
BCEZYFDaHIJKMLNbOQRPQRSTU	T	 U	true	 Min:17
BCEZYFDaHIJKMLNbOQRPQRSTU	U	 U	false	 Min:16
BCEZYFDaHIJKMLNbOQRPQRSTU	V	 U	true	 Min:17
BCEZYFDaHIJKMLNbOQRPQRSTU	Â	 U	true	 Min:18
BCEZYFDaHIJKMLNbOQRPQRSTU	ª	 U	true	 Min:19
BCEZYFDaHIJKMLNbOQRPQRSTU	W	 U	true	 Min:20
BCEZYFDaHIJKMLNbOQRPQRSTU	X	 U	true	 Min:21
BCEZYFDaHIJKMLNbOQRPQRSTUV	B	 V	true	 Min:25
BCEZYFDaHIJKMLNbOQRPQRSTUV	C	 V	true	 Min:24
BCEZYFDaHIJKMLNbOQRPQRSTUV	Z	 V	true	 Min:23
BCEZYFDaHIJKMLNbOQRPQRSTUV	D	 V	true	 Min:22
BCEZYFDaHIJKMLNbOQRPQRSTUV	E	 V	true	 Min:23
BCEZYFDaHIJKMLNbOQRPQRSTUV	"	 V	true	 Min:24
BCEZYFDaHIJKMLNbOQRPQRSTUV	!	 V	true	 Min:25
BCEZYFDaHIJKMLNbOQRPQRSTUV	Y	 V	true	 Min:26
BCEZYFDaHIJKMLNbOQRPQRSTUV	F	 V	true	 Min:25
BCEZYFDaHIJKMLNbOQRPQRSTUV	a	 V	true	 Min:24
BCEZYFDaHIJKMLNbOQRPQRSTUV	H	 V	true	 Min:23
BCEZYFDaHIJKMLNbOQRPQRSTUV	G	 V	true	 Min:24
BCEZYFDaHIJKMLNbOQRPQRSTUV	I	 V	true	 Min:23
BCEZYFDaHIJKMLNbOQRPQRSTUV	J	 V	true	 Min:22
BCEZYFDaHIJKMLNbOQRPQRSTUV	K	 V	true	 Min:21
BCEZYFDaHIJKMLNbOQRPQRSTUV	Ã	 V	true	 Min:22
BCEZYFDaHIJKMLNbOQRPQRSTUV	§	 V	true	 Min:23
BCEZYFDaHIJKMLNbOQRPQRSTUV	M	 V	true	 Min:22
BCEZYFDaHIJKMLNbOQRPQRSTUV	L	 V	true	 Min:21
BCEZYFDaHIJKMLNbOQRPQRSTUV	Â	 V	true	 Min:22
BCEZYFDaHIJKMLNbOQRPQRSTUV	¸	 V	true	 Min:23
BCEZYFDaHIJKMLNbOQRPQRSTUV	.	 V	true	 Min:24
BCEZYFDaHIJKMLNbOQRPQRSTUV	/	 V	true	 Min:25
BCEZYFDaHIJKMLNbOQRPQRSTUV	N	 V	true	 Min:24
BCEZYFDaHIJKMLNbOQRPQRSTUV	b	 V	true	 Min:23
BCEZYFDaHIJKMLNbOQRPQRSTUV	O	 V	true	 Min:22
BCEZYFDaHIJKMLNbOQRPQRSTUV	P	 V	true	 Min:21
BCEZYFDaHIJKMLNbOQRPQRSTUV	Q	 V	true	 Min:20
BCEZYFDaHIJKMLNbOQRPQRSTUV	R	 V	true	 Min:19
BCEZYFDaHIJKMLNbOQRPQRSTUV	c	 V	true	 Min:20
BCEZYFDaHIJKMLNbOQRPQRSTUV	S	 V	true	 Min:19
BCEZYFDaHIJKMLNbOQRPQRSTUV	T	 V	true	 Min:18
BCEZYFDaHIJKMLNbOQRPQRSTUV	U	 V	true	 Min:17
BCEZYFDaHIJKMLNbOQRPQRSTUV	V	 V	false	 Min:16
BCEZYFDaHIJKMLNbOQRPQRSTUV	Â	 V	true	 Min:17
BCEZYFDaHIJKMLNbOQRPQRSTUV	ª	 V	true	 Min:18
BCEZYFDaHIJKMLNbOQRPQRSTUV	W	 V	true	 Min:19
BCEZYFDaHIJKMLNbOQRPQRSTUV	X	 V	true	 Min:20
BCEZYFDaHIJKMLNbOQRPQRSTUVW	B	 W	true	 Min:26
BCEZYFDaHIJKMLNbOQRPQRSTUVW	C	 W	true	 Min:25
BCEZYFDaHIJKMLNbOQRPQRSTUVW	Z	 W	true	 Min:24
BCEZYFDaHIJKMLNbOQRPQRSTUVW	D	 W	true	 Min:23
BCEZYFDaHIJKMLNbOQRPQRSTUVW	E	 W	true	 Min:24
BCEZYFDaHIJKMLNbOQRPQRSTUVW	"	 W	true	 Min:25
BCEZYFDaHIJKMLNbOQRPQRSTUVW	!	 W	true	 Min:26
BCEZYFDaHIJKMLNbOQRPQRSTUVW	Y	 W	true	 Min:27
BCEZYFDaHIJKMLNbOQRPQRSTUVW	F	 W	true	 Min:26
BCEZYFDaHIJKMLNbOQRPQRSTUVW	a	 W	true	 Min:25
BCEZYFDaHIJKMLNbOQRPQRSTUVW	H	 W	true	 Min:24
BCEZYFDaHIJKMLNbOQRPQRSTUVW	G	 W	true	 Min:25
BCEZYFDaHIJKMLNbOQRPQRSTUVW	I	 W	true	 Min:24
BCEZYFDaHIJKMLNbOQRPQRSTUVW	J	 W	true	 Min:23
BCEZYFDaHIJKMLNbOQRPQRSTUVW	K	 W	true	 Min:22
BCEZYFDaHIJKMLNbOQRPQRSTUVW	Ã	 W	true	 Min:23
BCEZYFDaHIJKMLNbOQRPQRSTUVW	§	 W	true	 Min:24
BCEZYFDaHIJKMLNbOQRPQRSTUVW	M	 W	true	 Min:23
BCEZYFDaHIJKMLNbOQRPQRSTUVW	L	 W	true	 Min:22
BCEZYFDaHIJKMLNbOQRPQRSTUVW	Â	 W	true	 Min:23
BCEZYFDaHIJKMLNbOQRPQRSTUVW	¸	 W	true	 Min:24
BCEZYFDaHIJKMLNbOQRPQRSTUVW	.	 W	true	 Min:25
BCEZYFDaHIJKMLNbOQRPQRSTUVW	/	 W	true	 Min:26
BCEZYFDaHIJKMLNbOQRPQRSTUVW	N	 W	true	 Min:25
BCEZYFDaHIJKMLNbOQRPQRSTUVW	b	 W	true	 Min:24
BCEZYFDaHIJKMLNbOQRPQRSTUVW	O	 W	true	 Min:23
BCEZYFDaHIJKMLNbOQRPQRSTUVW	P	 W	true	 Min:22
BCEZYFDaHIJKMLNbOQRPQRSTUVW	Q	 W	true	 Min:21
BCEZYFDaHIJKMLNbOQRPQRSTUVW	R	 W	true	 Min:20
BCEZYFDaHIJKMLNbOQRPQRSTUVW	c	 W	true	 Min:21
BCEZYFDaHIJKMLNbOQRPQRSTUVW	S	 W	true	 Min:20
BCEZYFDaHIJKMLNbOQRPQRSTUVW	T	 W	true	 Min:19
BCEZYFDaHIJKMLNbOQRPQRSTUVW	U	 W	true	 Min:18
BCEZYFDaHIJKMLNbOQRPQRSTUVW	V	 W	true	 Min:17
BCEZYFDaHIJKMLNbOQRPQRSTUVW	Â	 W	true	 Min:18
BCEZYFDaHIJKMLNbOQRPQRSTUVW	ª	 W	true	 Min:19
BCEZYFDaHIJKMLNbOQRPQRSTUVW	W	 W	false	 Min:18
BCEZYFDaHIJKMLNbOQRPQRSTUVW	X	 W	true	 Min:19
BCEZYFDaHIJKMLNbOQRPQRSTUVWX	B	 X	true	 Min:27
BCEZYFDaHIJKMLNbOQRPQRSTUVWX	C	 X	true	 Min:26
BCEZYFDaHIJKMLNbOQRPQRSTUVWX	Z	 X	true	 Min:25
BCEZYFDaHIJKMLNbOQRPQRSTUVWX	D	 X	true	 Min:24
BCEZYFDaHIJKMLNbOQRPQRSTUVWX	E	 X	true	 Min:25
BCEZYFDaHIJKMLNbOQRPQRSTUVWX	"	 X	true	 Min:26
BCEZYFDaHIJKMLNbOQRPQRSTUVWX	!	 X	true	 Min:27
BCEZYFDaHIJKMLNbOQRPQRSTUVWX	Y	 X	true	 Min:28
BCEZYFDaHIJKMLNbOQRPQRSTUVWX	F	 X	true	 Min:27
BCEZYFDaHIJKMLNbOQRPQRSTUVWX	a	 X	true	 Min:26
BCEZYFDaHIJKMLNbOQRPQRSTUVWX	H	 X	true	 Min:25
BCEZYFDaHIJKMLNbOQRPQRSTUVWX	G	 X	true	 Min:26
BCEZYFDaHIJKMLNbOQRPQRSTUVWX	I	 X	true	 Min:25
BCEZYFDaHIJKMLNbOQRPQRSTUVWX	J	 X	true	 Min:24
BCEZYFDaHIJKMLNbOQRPQRSTUVWX	K	 X	true	 Min:23
BCEZYFDaHIJKMLNbOQRPQRSTUVWX	Ã	 X	true	 Min:24
BCEZYFDaHIJKMLNbOQRPQRSTUVWX	§	 X	true	 Min:25
BCEZYFDaHIJKMLNbOQRPQRSTUVWX	M	 X	true	 Min:24
BCEZYFDaHIJKMLNbOQRPQRSTUVWX	L	 X	true	 Min:23
BCEZYFDaHIJKMLNbOQRPQRSTUVWX	Â	 X	true	 Min:24
BCEZYFDaHIJKMLNbOQRPQRSTUVWX	¸	 X	true	 Min:25
BCEZYFDaHIJKMLNbOQRPQRSTUVWX	.	 X	true	 Min:26
BCEZYFDaHIJKMLNbOQRPQRSTUVWX	/	 X	true	 Min:27
BCEZYFDaHIJKMLNbOQRPQRSTUVWX	N	 X	true	 Min:26
BCEZYFDaHIJKMLNbOQRPQRSTUVWX	b	 X	true	 Min:25
BCEZYFDaHIJKMLNbOQRPQRSTUVWX	O	 X	true	 Min:24
BCEZYFDaHIJKMLNbOQRPQRSTUVWX	P	 X	true	 Min:23
BCEZYFDaHIJKMLNbOQRPQRSTUVWX	Q	 X	true	 Min:22
BCEZYFDaHIJKMLNbOQRPQRSTUVWX	R	 X	true	 Min:21
BCEZYFDaHIJKMLNbOQRPQRSTUVWX	c	 X	true	 Min:22
BCEZYFDaHIJKMLNbOQRPQRSTUVWX	S	 X	true	 Min:21
BCEZYFDaHIJKMLNbOQRPQRSTUVWX	T	 X	true	 Min:20
BCEZYFDaHIJKMLNbOQRPQRSTUVWX	U	 X	true	 Min:19
BCEZYFDaHIJKMLNbOQRPQRSTUVWX	V	 X	true	 Min:18
BCEZYFDaHIJKMLNbOQRPQRSTUVWX	Â	 X	true	 Min:19
BCEZYFDaHIJKMLNbOQRPQRSTUVWX	ª	 X	true	 Min:20
BCEZYFDaHIJKMLNbOQRPQRSTUVWX	W	 X	true	 Min:19
BCEZYFDaHIJKMLNbOQRPQRSTUVWX	X	 X	false	 Min:18
BCEZYFDaHIJKMLNbOQRPQRSTUW	B	 W	true	 Min:25
BCEZYFDaHIJKMLNbOQRPQRSTUW	C	 W	true	 Min:24
BCEZYFDaHIJKMLNbOQRPQRSTUW	Z	 W	true	 Min:23
BCEZYFDaHIJKMLNbOQRPQRSTUW	D	 W	true	 Min:22
BCEZYFDaHIJKMLNbOQRPQRSTUW	E	 W	true	 Min:23
BCEZYFDaHIJKMLNbOQRPQRSTUW	"	 W	true	 Min:24
BCEZYFDaHIJKMLNbOQRPQRSTUW	!	 W	true	 Min:25
BCEZYFDaHIJKMLNbOQRPQRSTUW	Y	 W	true	 Min:26
BCEZYFDaHIJKMLNbOQRPQRSTUW	F	 W	true	 Min:25
BCEZYFDaHIJKMLNbOQRPQRSTUW	a	 W	true	 Min:24
BCEZYFDaHIJKMLNbOQRPQRSTUW	H	 W	true	 Min:23
BCEZYFDaHIJKMLNbOQRPQRSTUW	G	 W	true	 Min:24
BCEZYFDaHIJKMLNbOQRPQRSTUW	I	 W	true	 Min:23
BCEZYFDaHIJKMLNbOQRPQRSTUW	J	 W	true	 Min:22
BCEZYFDaHIJKMLNbOQRPQRSTUW	K	 W	true	 Min:21
BCEZYFDaHIJKMLNbOQRPQRSTUW	Ã	 W	true	 Min:22
BCEZYFDaHIJKMLNbOQRPQRSTUW	§	 W	true	 Min:23
BCEZYFDaHIJKMLNbOQRPQRSTUW	M	 W	true	 Min:22
BCEZYFDaHIJKMLNbOQRPQRSTUW	L	 W	true	 Min:21
BCEZYFDaHIJKMLNbOQRPQRSTUW	Â	 W	true	 Min:22
BCEZYFDaHIJKMLNbOQRPQRSTUW	¸	 W	true	 Min:23
BCEZYFDaHIJKMLNbOQRPQRSTUW	.	 W	true	 Min:24
BCEZYFDaHIJKMLNbOQRPQRSTUW	/	 W	true	 Min:25
BCEZYFDaHIJKMLNbOQRPQRSTUW	N	 W	true	 Min:24
BCEZYFDaHIJKMLNbOQRPQRSTUW	b	 W	true	 Min:23
BCEZYFDaHIJKMLNbOQRPQRSTUW	O	 W	true	 Min:22
BCEZYFDaHIJKMLNbOQRPQRSTUW	P	 W	true	 Min:21
BCEZYFDaHIJKMLNbOQRPQRSTUW	Q	 W	true	 Min:20
BCEZYFDaHIJKMLNbOQRPQRSTUW	R	 W	true	 Min:19
BCEZYFDaHIJKMLNbOQRPQRSTUW	c	 W	true	 Min:20
BCEZYFDaHIJKMLNbOQRPQRSTUW	S	 W	true	 Min:19
BCEZYFDaHIJKMLNbOQRPQRSTUW	T	 W	true	 Min:18
BCEZYFDaHIJKMLNbOQRPQRSTUW	U	 W	true	 Min:17
BCEZYFDaHIJKMLNbOQRPQRSTUW	V	 W	true	 Min:18
BCEZYFDaHIJKMLNbOQRPQRSTUW	Â	 W	true	 Min:19
BCEZYFDaHIJKMLNbOQRPQRSTUW	ª	 W	true	 Min:20
BCEZYFDaHIJKMLNbOQRPQRSTUW	W	 W	false	 Min:19
BCEZYFDaHIJKMLNbOQRPQRSTUW	X	 W	true	 Min:20
BCEZYFDaHIJKMLNbOQRPQRSTUWV	B	 V	true	 Min:26
BCEZYFDaHIJKMLNbOQRPQRSTUWV	C	 V	true	 Min:25
BCEZYFDaHIJKMLNbOQRPQRSTUWV	Z	 V	true	 Min:24
BCEZYFDaHIJKMLNbOQRPQRSTUWV	D	 V	true	 Min:23
BCEZYFDaHIJKMLNbOQRPQRSTUWV	E	 V	true	 Min:24
BCEZYFDaHIJKMLNbOQRPQRSTUWV	"	 V	true	 Min:25
BCEZYFDaHIJKMLNbOQRPQRSTUWV	!	 V	true	 Min:26
BCEZYFDaHIJKMLNbOQRPQRSTUWV	Y	 V	true	 Min:27
BCEZYFDaHIJKMLNbOQRPQRSTUWV	F	 V	true	 Min:26
BCEZYFDaHIJKMLNbOQRPQRSTUWV	a	 V	true	 Min:25
BCEZYFDaHIJKMLNbOQRPQRSTUWV	H	 V	true	 Min:24
BCEZYFDaHIJKMLNbOQRPQRSTUWV	G	 V	true	 Min:25
BCEZYFDaHIJKMLNbOQRPQRSTUWV	I	 V	true	 Min:24
BCEZYFDaHIJKMLNbOQRPQRSTUWV	J	 V	true	 Min:23
BCEZYFDaHIJKMLNbOQRPQRSTUWV	K	 V	true	 Min:22
BCEZYFDaHIJKMLNbOQRPQRSTUWV	Ã	 V	true	 Min:23
BCEZYFDaHIJKMLNbOQRPQRSTUWV	§	 V	true	 Min:24
BCEZYFDaHIJKMLNbOQRPQRSTUWV	M	 V	true	 Min:23
BCEZYFDaHIJKMLNbOQRPQRSTUWV	L	 V	true	 Min:22
BCEZYFDaHIJKMLNbOQRPQRSTUWV	Â	 V	true	 Min:23
BCEZYFDaHIJKMLNbOQRPQRSTUWV	¸	 V	true	 Min:24
BCEZYFDaHIJKMLNbOQRPQRSTUWV	.	 V	true	 Min:25
BCEZYFDaHIJKMLNbOQRPQRSTUWV	/	 V	true	 Min:26
BCEZYFDaHIJKMLNbOQRPQRSTUWV	N	 V	true	 Min:25
BCEZYFDaHIJKMLNbOQRPQRSTUWV	b	 V	true	 Min:24
BCEZYFDaHIJKMLNbOQRPQRSTUWV	O	 V	true	 Min:23
BCEZYFDaHIJKMLNbOQRPQRSTUWV	P	 V	true	 Min:22
BCEZYFDaHIJKMLNbOQRPQRSTUWV	Q	 V	true	 Min:21
BCEZYFDaHIJKMLNbOQRPQRSTUWV	R	 V	true	 Min:20
BCEZYFDaHIJKMLNbOQRPQRSTUWV	c	 V	true	 Min:21
BCEZYFDaHIJKMLNbOQRPQRSTUWV	S	 V	true	 Min:20
BCEZYFDaHIJKMLNbOQRPQRSTUWV	T	 V	true	 Min:19
BCEZYFDaHIJKMLNbOQRPQRSTUWV	U	 V	true	 Min:18
BCEZYFDaHIJKMLNbOQRPQRSTUWV	V	 V	false	 Min:17
BCEZYFDaHIJKMLNbOQRPQRSTUWV	Â	 V	true	 Min:18
BCEZYFDaHIJKMLNbOQRPQRSTUWV	ª	 V	true	 Min:19
BCEZYFDaHIJKMLNbOQRPQRSTUWV	W	 V	true	 Min:20
BCEZYFDaHIJKMLNbOQRPQRSTUWV	X	 V	true	 Min:21
BCEZYFDaHIJKMLNbOQRPQRSTUWVX	B	 X	true	 Min:27
BCEZYFDaHIJKMLNbOQRPQRSTUWVX	C	 X	true	 Min:26
BCEZYFDaHIJKMLNbOQRPQRSTUWVX	Z	 X	true	 Min:25
BCEZYFDaHIJKMLNbOQRPQRSTUWVX	D	 X	true	 Min:24
BCEZYFDaHIJKMLNbOQRPQRSTUWVX	E	 X	true	 Min:25
BCEZYFDaHIJKMLNbOQRPQRSTUWVX	"	 X	true	 Min:26
BCEZYFDaHIJKMLNbOQRPQRSTUWVX	!	 X	true	 Min:27
BCEZYFDaHIJKMLNbOQRPQRSTUWVX	Y	 X	true	 Min:28
BCEZYFDaHIJKMLNbOQRPQRSTUWVX	F	 X	true	 Min:27
BCEZYFDaHIJKMLNbOQRPQRSTUWVX	a	 X	true	 Min:26
BCEZYFDaHIJKMLNbOQRPQRSTUWVX	H	 X	true	 Min:25
BCEZYFDaHIJKMLNbOQRPQRSTUWVX	G	 X	true	 Min:26
BCEZYFDaHIJKMLNbOQRPQRSTUWVX	I	 X	true	 Min:25
BCEZYFDaHIJKMLNbOQRPQRSTUWVX	J	 X	true	 Min:24
BCEZYFDaHIJKMLNbOQRPQRSTUWVX	K	 X	true	 Min:23
BCEZYFDaHIJKMLNbOQRPQRSTUWVX	Ã	 X	true	 Min:24
BCEZYFDaHIJKMLNbOQRPQRSTUWVX	§	 X	true	 Min:25
BCEZYFDaHIJKMLNbOQRPQRSTUWVX	M	 X	true	 Min:24
BCEZYFDaHIJKMLNbOQRPQRSTUWVX	L	 X	true	 Min:23
BCEZYFDaHIJKMLNbOQRPQRSTUWVX	Â	 X	true	 Min:24
BCEZYFDaHIJKMLNbOQRPQRSTUWVX	¸	 X	true	 Min:25
BCEZYFDaHIJKMLNbOQRPQRSTUWVX	.	 X	true	 Min:26
BCEZYFDaHIJKMLNbOQRPQRSTUWVX	/	 X	true	 Min:27
BCEZYFDaHIJKMLNbOQRPQRSTUWVX	N	 X	true	 Min:26
BCEZYFDaHIJKMLNbOQRPQRSTUWVX	b	 X	true	 Min:25
BCEZYFDaHIJKMLNbOQRPQRSTUWVX	O	 X	true	 Min:24
BCEZYFDaHIJKMLNbOQRPQRSTUWVX	P	 X	true	 Min:23
BCEZYFDaHIJKMLNbOQRPQRSTUWVX	Q	 X	true	 Min:22
BCEZYFDaHIJKMLNbOQRPQRSTUWVX	R	 X	true	 Min:21
BCEZYFDaHIJKMLNbOQRPQRSTUWVX	c	 X	true	 Min:22
BCEZYFDaHIJKMLNbOQRPQRSTUWVX	S	 X	true	 Min:21
BCEZYFDaHIJKMLNbOQRPQRSTUWVX	T	 X	true	 Min:20
BCEZYFDaHIJKMLNbOQRPQRSTUWVX	U	 X	true	 Min:19
BCEZYFDaHIJKMLNbOQRPQRSTUWVX	V	 X	true	 Min:18
BCEZYFDaHIJKMLNbOQRPQRSTUWVX	Â	 X	true	 Min:19
BCEZYFDaHIJKMLNbOQRPQRSTUWVX	ª	 X	true	 Min:20
BCEZYFDaHIJKMLNbOQRPQRSTUWVX	W	 X	true	 Min:21
BCEZYFDaHIJKMLNbOQRPQRSTUWVX	X	 X	false	 Min:20
BCEZYFDaHIJKMLNbOQRPQRSTW	B	 W	true	 Min:24
BCEZYFDaHIJKMLNbOQRPQRSTW	C	 W	true	 Min:23
BCEZYFDaHIJKMLNbOQRPQRSTW	Z	 W	true	 Min:22
BCEZYFDaHIJKMLNbOQRPQRSTW	D	 W	true	 Min:21
BCEZYFDaHIJKMLNbOQRPQRSTW	E	 W	true	 Min:22
BCEZYFDaHIJKMLNbOQRPQRSTW	"	 W	true	 Min:23
BCEZYFDaHIJKMLNbOQRPQRSTW	!	 W	true	 Min:24
BCEZYFDaHIJKMLNbOQRPQRSTW	Y	 W	true	 Min:25
BCEZYFDaHIJKMLNbOQRPQRSTW	F	 W	true	 Min:24
BCEZYFDaHIJKMLNbOQRPQRSTW	a	 W	true	 Min:23
BCEZYFDaHIJKMLNbOQRPQRSTW	H	 W	true	 Min:22
BCEZYFDaHIJKMLNbOQRPQRSTW	G	 W	true	 Min:23
BCEZYFDaHIJKMLNbOQRPQRSTW	I	 W	true	 Min:22
BCEZYFDaHIJKMLNbOQRPQRSTW	J	 W	true	 Min:21
BCEZYFDaHIJKMLNbOQRPQRSTW	K	 W	true	 Min:20
BCEZYFDaHIJKMLNbOQRPQRSTW	Ã	 W	true	 Min:21
BCEZYFDaHIJKMLNbOQRPQRSTW	§	 W	true	 Min:22
BCEZYFDaHIJKMLNbOQRPQRSTW	M	 W	true	 Min:21
BCEZYFDaHIJKMLNbOQRPQRSTW	L	 W	true	 Min:20
BCEZYFDaHIJKMLNbOQRPQRSTW	Â	 W	true	 Min:21
BCEZYFDaHIJKMLNbOQRPQRSTW	¸	 W	true	 Min:22
BCEZYFDaHIJKMLNbOQRPQRSTW	.	 W	true	 Min:23
BCEZYFDaHIJKMLNbOQRPQRSTW	/	 W	true	 Min:24
BCEZYFDaHIJKMLNbOQRPQRSTW	N	 W	true	 Min:23
BCEZYFDaHIJKMLNbOQRPQRSTW	b	 W	true	 Min:22
BCEZYFDaHIJKMLNbOQRPQRSTW	O	 W	true	 Min:21
BCEZYFDaHIJKMLNbOQRPQRSTW	P	 W	true	 Min:20
BCEZYFDaHIJKMLNbOQRPQRSTW	Q	 W	true	 Min:19
BCEZYFDaHIJKMLNbOQRPQRSTW	R	 W	true	 Min:18
BCEZYFDaHIJKMLNbOQRPQRSTW	c	 W	true	 Min:19
BCEZYFDaHIJKMLNbOQRPQRSTW	S	 W	true	 Min:18
BCEZYFDaHIJKMLNbOQRPQRSTW	T	 W	true	 Min:17
BCEZYFDaHIJKMLNbOQRPQRSTW	U	 W	true	 Min:18
BCEZYFDaHIJKMLNbOQRPQRSTW	V	 W	true	 Min:19
BCEZYFDaHIJKMLNbOQRPQRSTW	Â	 W	true	 Min:20
BCEZYFDaHIJKMLNbOQRPQRSTW	ª	 W	true	 Min:21
BCEZYFDaHIJKMLNbOQRPQRSTW	W	 W	false	 Min:20
BCEZYFDaHIJKMLNbOQRPQRSTW	X	 W	true	 Min:21
BCEZYFDaHIJKMLNbOQRPQRSTWU	B	 U	true	 Min:25
BCEZYFDaHIJKMLNbOQRPQRSTWU	C	 U	true	 Min:24
BCEZYFDaHIJKMLNbOQRPQRSTWU	Z	 U	true	 Min:23
BCEZYFDaHIJKMLNbOQRPQRSTWU	D	 U	true	 Min:22
BCEZYFDaHIJKMLNbOQRPQRSTWU	E	 U	true	 Min:23
BCEZYFDaHIJKMLNbOQRPQRSTWU	"	 U	true	 Min:24
BCEZYFDaHIJKMLNbOQRPQRSTWU	!	 U	true	 Min:25
BCEZYFDaHIJKMLNbOQRPQRSTWU	Y	 U	true	 Min:26
BCEZYFDaHIJKMLNbOQRPQRSTWU	F	 U	true	 Min:25
BCEZYFDaHIJKMLNbOQRPQRSTWU	a	 U	true	 Min:24
BCEZYFDaHIJKMLNbOQRPQRSTWU	H	 U	true	 Min:23
BCEZYFDaHIJKMLNbOQRPQRSTWU	G	 U	true	 Min:24
BCEZYFDaHIJKMLNbOQRPQRSTWU	I	 U	true	 Min:23
BCEZYFDaHIJKMLNbOQRPQRSTWU	J	 U	true	 Min:22
BCEZYFDaHIJKMLNbOQRPQRSTWU	K	 U	true	 Min:21
BCEZYFDaHIJKMLNbOQRPQRSTWU	Ã	 U	true	 Min:22
BCEZYFDaHIJKMLNbOQRPQRSTWU	§	 U	true	 Min:23
BCEZYFDaHIJKMLNbOQRPQRSTWU	M	 U	true	 Min:22
BCEZYFDaHIJKMLNbOQRPQRSTWU	L	 U	true	 Min:21
BCEZYFDaHIJKMLNbOQRPQRSTWU	Â	 U	true	 Min:22
BCEZYFDaHIJKMLNbOQRPQRSTWU	¸	 U	true	 Min:23
BCEZYFDaHIJKMLNbOQRPQRSTWU	.	 U	true	 Min:24
BCEZYFDaHIJKMLNbOQRPQRSTWU	/	 U	true	 Min:25
BCEZYFDaHIJKMLNbOQRPQRSTWU	N	 U	true	 Min:24
BCEZYFDaHIJKMLNbOQRPQRSTWU	b	 U	true	 Min:23
BCEZYFDaHIJKMLNbOQRPQRSTWU	O	 U	true	 Min:22
BCEZYFDaHIJKMLNbOQRPQRSTWU	P	 U	true	 Min:21
BCEZYFDaHIJKMLNbOQRPQRSTWU	Q	 U	true	 Min:20
BCEZYFDaHIJKMLNbOQRPQRSTWU	R	 U	true	 Min:19
BCEZYFDaHIJKMLNbOQRPQRSTWU	c	 U	true	 Min:20
BCEZYFDaHIJKMLNbOQRPQRSTWU	S	 U	true	 Min:19
BCEZYFDaHIJKMLNbOQRPQRSTWU	T	 U	true	 Min:18
BCEZYFDaHIJKMLNbOQRPQRSTWU	U	 U	false	 Min:17
BCEZYFDaHIJKMLNbOQRPQRSTWU	V	 U	true	 Min:18
BCEZYFDaHIJKMLNbOQRPQRSTWU	Â	 U	true	 Min:19
BCEZYFDaHIJKMLNbOQRPQRSTWU	ª	 U	true	 Min:20
BCEZYFDaHIJKMLNbOQRPQRSTWU	W	 U	true	 Min:21
BCEZYFDaHIJKMLNbOQRPQRSTWU	X	 U	true	 Min:22
BCEZYFDaHIJKMLNbOQRPQRSTWUV	B	 V	true	 Min:26
BCEZYFDaHIJKMLNbOQRPQRSTWUV	C	 V	true	 Min:25
BCEZYFDaHIJKMLNbOQRPQRSTWUV	Z	 V	true	 Min:24
BCEZYFDaHIJKMLNbOQRPQRSTWUV	D	 V	true	 Min:23
BCEZYFDaHIJKMLNbOQRPQRSTWUV	E	 V	true	 Min:24
BCEZYFDaHIJKMLNbOQRPQRSTWUV	"	 V	true	 Min:25
BCEZYFDaHIJKMLNbOQRPQRSTWUV	!	 V	true	 Min:26
BCEZYFDaHIJKMLNbOQRPQRSTWUV	Y	 V	true	 Min:27
BCEZYFDaHIJKMLNbOQRPQRSTWUV	F	 V	true	 Min:26
BCEZYFDaHIJKMLNbOQRPQRSTWUV	a	 V	true	 Min:25
BCEZYFDaHIJKMLNbOQRPQRSTWUV	H	 V	true	 Min:24
BCEZYFDaHIJKMLNbOQRPQRSTWUV	G	 V	true	 Min:25
BCEZYFDaHIJKMLNbOQRPQRSTWUV	I	 V	true	 Min:24
BCEZYFDaHIJKMLNbOQRPQRSTWUV	J	 V	true	 Min:23
BCEZYFDaHIJKMLNbOQRPQRSTWUV	K	 V	true	 Min:22
BCEZYFDaHIJKMLNbOQRPQRSTWUV	Ã	 V	true	 Min:23
BCEZYFDaHIJKMLNbOQRPQRSTWUV	§	 V	true	 Min:24
BCEZYFDaHIJKMLNbOQRPQRSTWUV	M	 V	true	 Min:23
BCEZYFDaHIJKMLNbOQRPQRSTWUV	L	 V	true	 Min:22
BCEZYFDaHIJKMLNbOQRPQRSTWUV	Â	 V	true	 Min:23
BCEZYFDaHIJKMLNbOQRPQRSTWUV	¸	 V	true	 Min:24
BCEZYFDaHIJKMLNbOQRPQRSTWUV	.	 V	true	 Min:25
BCEZYFDaHIJKMLNbOQRPQRSTWUV	/	 V	true	 Min:26
BCEZYFDaHIJKMLNbOQRPQRSTWUV	N	 V	true	 Min:25
BCEZYFDaHIJKMLNbOQRPQRSTWUV	b	 V	true	 Min:24
BCEZYFDaHIJKMLNbOQRPQRSTWUV	O	 V	true	 Min:23
BCEZYFDaHIJKMLNbOQRPQRSTWUV	P	 V	true	 Min:22
BCEZYFDaHIJKMLNbOQRPQRSTWUV	Q	 V	true	 Min:21
BCEZYFDaHIJKMLNbOQRPQRSTWUV	R	 V	true	 Min:20
BCEZYFDaHIJKMLNbOQRPQRSTWUV	c	 V	true	 Min:21
BCEZYFDaHIJKMLNbOQRPQRSTWUV	S	 V	true	 Min:20
BCEZYFDaHIJKMLNbOQRPQRSTWUV	T	 V	true	 Min:19
BCEZYFDaHIJKMLNbOQRPQRSTWUV	U	 V	true	 Min:18
BCEZYFDaHIJKMLNbOQRPQRSTWUV	V	 V	false	 Min:17
BCEZYFDaHIJKMLNbOQRPQRSTWUV	Â	 V	true	 Min:18
BCEZYFDaHIJKMLNbOQRPQRSTWUV	ª	 V	true	 Min:19
BCEZYFDaHIJKMLNbOQRPQRSTWUV	W	 V	true	 Min:20
BCEZYFDaHIJKMLNbOQRPQRSTWUV	X	 V	true	 Min:21
BCEZYFDaHIJKMLNbOQRPQRSTWUVX	B	 X	true	 Min:27
BCEZYFDaHIJKMLNbOQRPQRSTWUVX	C	 X	true	 Min:26
BCEZYFDaHIJKMLNbOQRPQRSTWUVX	Z	 X	true	 Min:25
BCEZYFDaHIJKMLNbOQRPQRSTWUVX	D	 X	true	 Min:24
BCEZYFDaHIJKMLNbOQRPQRSTWUVX	E	 X	true	 Min:25
BCEZYFDaHIJKMLNbOQRPQRSTWUVX	"	 X	true	 Min:26
BCEZYFDaHIJKMLNbOQRPQRSTWUVX	!	 X	true	 Min:27
BCEZYFDaHIJKMLNbOQRPQRSTWUVX	Y	 X	true	 Min:28
BCEZYFDaHIJKMLNbOQRPQRSTWUVX	F	 X	true	 Min:27
BCEZYFDaHIJKMLNbOQRPQRSTWUVX	a	 X	true	 Min:26
BCEZYFDaHIJKMLNbOQRPQRSTWUVX	H	 X	true	 Min:25
BCEZYFDaHIJKMLNbOQRPQRSTWUVX	G	 X	true	 Min:26
BCEZYFDaHIJKMLNbOQRPQRSTWUVX	I	 X	true	 Min:25
BCEZYFDaHIJKMLNbOQRPQRSTWUVX	J	 X	true	 Min:24
BCEZYFDaHIJKMLNbOQRPQRSTWUVX	K	 X	true	 Min:23
BCEZYFDaHIJKMLNbOQRPQRSTWUVX	Ã	 X	true	 Min:24
BCEZYFDaHIJKMLNbOQRPQRSTWUVX	§	 X	true	 Min:25
BCEZYFDaHIJKMLNbOQRPQRSTWUVX	M	 X	true	 Min:24
BCEZYFDaHIJKMLNbOQRPQRSTWUVX	L	 X	true	 Min:23
BCEZYFDaHIJKMLNbOQRPQRSTWUVX	Â	 X	true	 Min:24
BCEZYFDaHIJKMLNbOQRPQRSTWUVX	¸	 X	true	 Min:25
BCEZYFDaHIJKMLNbOQRPQRSTWUVX	.	 X	true	 Min:26
BCEZYFDaHIJKMLNbOQRPQRSTWUVX	/	 X	true	 Min:27
BCEZYFDaHIJKMLNbOQRPQRSTWUVX	N	 X	true	 Min:26
BCEZYFDaHIJKMLNbOQRPQRSTWUVX	b	 X	true	 Min:25
BCEZYFDaHIJKMLNbOQRPQRSTWUVX	O	 X	true	 Min:24
BCEZYFDaHIJKMLNbOQRPQRSTWUVX	P	 X	true	 Min:23
BCEZYFDaHIJKMLNbOQRPQRSTWUVX	Q	 X	true	 Min:22
BCEZYFDaHIJKMLNbOQRPQRSTWUVX	R	 X	true	 Min:21
BCEZYFDaHIJKMLNbOQRPQRSTWUVX	c	 X	true	 Min:22
BCEZYFDaHIJKMLNbOQRPQRSTWUVX	S	 X	true	 Min:21
BCEZYFDaHIJKMLNbOQRPQRSTWUVX	T	 X	true	 Min:20
BCEZYFDaHIJKMLNbOQRPQRSTWUVX	U	 X	true	 Min:19
BCEZYFDaHIJKMLNbOQRPQRSTWUVX	V	 X	true	 Min:18
BCEZYFDaHIJKMLNbOQRPQRSTWUVX	Â	 X	true	 Min:19
BCEZYFDaHIJKMLNbOQRPQRSTWUVX	ª	 X	true	 Min:20
BCEZYFDaHIJKMLNbOQRPQRSTWUVX	W	 X	true	 Min:21
BCEZYFDaHIJKMLNbOQRPQRSTWUVX	X	 X	false	 Min:20
BCEZYFDaHIJKMLNbOQRS	B	 S	true	 Min:19
BCEZYFDaHIJKMLNbOQRS	C	 S	true	 Min:18
BCEZYFDaHIJKMLNbOQRS	Z	 S	true	 Min:17
BCEZYFDaHIJKMLNbOQRS	D	 S	true	 Min:16
BCEZYFDaHIJKMLNbOQRS	E	 S	true	 Min:17
BCEZYFDaHIJKMLNbOQRS	"	 S	true	 Min:18
BCEZYFDaHIJKMLNbOQRS	!	 S	true	 Min:19
BCEZYFDaHIJKMLNbOQRS	Y	 S	true	 Min:20
BCEZYFDaHIJKMLNbOQRS	F	 S	true	 Min:19
BCEZYFDaHIJKMLNbOQRS	a	 S	true	 Min:18
BCEZYFDaHIJKMLNbOQRS	H	 S	true	 Min:17
BCEZYFDaHIJKMLNbOQRS	G	 S	true	 Min:18
BCEZYFDaHIJKMLNbOQRS	I	 S	true	 Min:17
BCEZYFDaHIJKMLNbOQRS	J	 S	true	 Min:16
BCEZYFDaHIJKMLNbOQRS	K	 S	true	 Min:15
BCEZYFDaHIJKMLNbOQRS	Ã	 S	true	 Min:16
BCEZYFDaHIJKMLNbOQRS	§	 S	true	 Min:17
BCEZYFDaHIJKMLNbOQRS	M	 S	true	 Min:16
BCEZYFDaHIJKMLNbOQRS	L	 S	true	 Min:15
BCEZYFDaHIJKMLNbOQRS	Â	 S	true	 Min:16
BCEZYFDaHIJKMLNbOQRS	¸	 S	true	 Min:17
BCEZYFDaHIJKMLNbOQRS	.	 S	true	 Min:18
BCEZYFDaHIJKMLNbOQRS	/	 S	true	 Min:19
BCEZYFDaHIJKMLNbOQRS	N	 S	true	 Min:18
BCEZYFDaHIJKMLNbOQRS	b	 S	true	 Min:17
BCEZYFDaHIJKMLNbOQRS	O	 S	true	 Min:16
BCEZYFDaHIJKMLNbOQRS	P	 S	true	 Min:17
BCEZYFDaHIJKMLNbOQRS	Q	 S	true	 Min:16
BCEZYFDaHIJKMLNbOQRS	R	 S	true	 Min:15
BCEZYFDaHIJKMLNbOQRS	c	 S	true	 Min:16
BCEZYFDaHIJKMLNbOQRS	S	 S	false	 Min:15
BCEZYFDaHIJKMLNbOQRS	T	 S	true	 Min:16
BCEZYFDaHIJKMLNbOQRS	U	 S	true	 Min:17
BCEZYFDaHIJKMLNbOQRS	V	 S	true	 Min:18
BCEZYFDaHIJKMLNbOQRS	Â	 S	true	 Min:19
BCEZYFDaHIJKMLNbOQRS	ª	 S	true	 Min:20
BCEZYFDaHIJKMLNbOQRS	W	 S	true	 Min:21
BCEZYFDaHIJKMLNbOQRS	X	 S	true	 Min:22
BCEZYFDaHIJKMLNbOQRST	B	 T	true	 Min:20
BCEZYFDaHIJKMLNbOQRST	C	 T	true	 Min:19
BCEZYFDaHIJKMLNbOQRST	Z	 T	true	 Min:18
BCEZYFDaHIJKMLNbOQRST	D	 T	true	 Min:17
BCEZYFDaHIJKMLNbOQRST	E	 T	true	 Min:18
BCEZYFDaHIJKMLNbOQRST	"	 T	true	 Min:19
BCEZYFDaHIJKMLNbOQRST	!	 T	true	 Min:20
BCEZYFDaHIJKMLNbOQRST	Y	 T	true	 Min:21
BCEZYFDaHIJKMLNbOQRST	F	 T	true	 Min:20
BCEZYFDaHIJKMLNbOQRST	a	 T	true	 Min:19
BCEZYFDaHIJKMLNbOQRST	H	 T	true	 Min:18
BCEZYFDaHIJKMLNbOQRST	G	 T	true	 Min:19
BCEZYFDaHIJKMLNbOQRST	I	 T	true	 Min:18
BCEZYFDaHIJKMLNbOQRST	J	 T	true	 Min:17
BCEZYFDaHIJKMLNbOQRST	K	 T	true	 Min:16
BCEZYFDaHIJKMLNbOQRST	Ã	 T	true	 Min:17
BCEZYFDaHIJKMLNbOQRST	§	 T	true	 Min:18
BCEZYFDaHIJKMLNbOQRST	M	 T	true	 Min:17
BCEZYFDaHIJKMLNbOQRST	L	 T	true	 Min:16
BCEZYFDaHIJKMLNbOQRST	Â	 T	true	 Min:17
BCEZYFDaHIJKMLNbOQRST	¸	 T	true	 Min:18
BCEZYFDaHIJKMLNbOQRST	.	 T	true	 Min:19
BCEZYFDaHIJKMLNbOQRST	/	 T	true	 Min:20
BCEZYFDaHIJKMLNbOQRST	N	 T	true	 Min:19
BCEZYFDaHIJKMLNbOQRST	b	 T	true	 Min:18
BCEZYFDaHIJKMLNbOQRST	O	 T	true	 Min:17
BCEZYFDaHIJKMLNbOQRST	P	 T	true	 Min:18
BCEZYFDaHIJKMLNbOQRST	Q	 T	true	 Min:17
BCEZYFDaHIJKMLNbOQRST	R	 T	true	 Min:16
BCEZYFDaHIJKMLNbOQRST	c	 T	true	 Min:17
BCEZYFDaHIJKMLNbOQRST	S	 T	true	 Min:16
BCEZYFDaHIJKMLNbOQRST	T	 T	false	 Min:15
BCEZYFDaHIJKMLNbOQRST	U	 T	true	 Min:16
BCEZYFDaHIJKMLNbOQRST	V	 T	true	 Min:17
BCEZYFDaHIJKMLNbOQRST	Â	 T	true	 Min:18
BCEZYFDaHIJKMLNbOQRST	ª	 T	true	 Min:19
BCEZYFDaHIJKMLNbOQRST	W	 T	true	 Min:20
BCEZYFDaHIJKMLNbOQRST	X	 T	true	 Min:21
BCEZYFDaHIJKMLNbOQRSTU	B	 U	true	 Min:21
BCEZYFDaHIJKMLNbOQRSTU	C	 U	true	 Min:20
BCEZYFDaHIJKMLNbOQRSTU	Z	 U	true	 Min:19
BCEZYFDaHIJKMLNbOQRSTU	D	 U	true	 Min:18
BCEZYFDaHIJKMLNbOQRSTU	E	 U	true	 Min:19
BCEZYFDaHIJKMLNbOQRSTU	"	 U	true	 Min:20
BCEZYFDaHIJKMLNbOQRSTU	!	 U	true	 Min:21
BCEZYFDaHIJKMLNbOQRSTU	Y	 U	true	 Min:22
BCEZYFDaHIJKMLNbOQRSTU	F	 U	true	 Min:21
BCEZYFDaHIJKMLNbOQRSTU	a	 U	true	 Min:20
BCEZYFDaHIJKMLNbOQRSTU	H	 U	true	 Min:19
BCEZYFDaHIJKMLNbOQRSTU	G	 U	true	 Min:20
BCEZYFDaHIJKMLNbOQRSTU	I	 U	true	 Min:19
BCEZYFDaHIJKMLNbOQRSTU	J	 U	true	 Min:18
BCEZYFDaHIJKMLNbOQRSTU	K	 U	true	 Min:17
BCEZYFDaHIJKMLNbOQRSTU	Ã	 U	true	 Min:18
BCEZYFDaHIJKMLNbOQRSTU	§	 U	true	 Min:19
BCEZYFDaHIJKMLNbOQRSTU	M	 U	true	 Min:18
BCEZYFDaHIJKMLNbOQRSTU	L	 U	true	 Min:17
BCEZYFDaHIJKMLNbOQRSTU	Â	 U	true	 Min:18
BCEZYFDaHIJKMLNbOQRSTU	¸	 U	true	 Min:19
BCEZYFDaHIJKMLNbOQRSTU	.	 U	true	 Min:20
BCEZYFDaHIJKMLNbOQRSTU	/	 U	true	 Min:21
BCEZYFDaHIJKMLNbOQRSTU	N	 U	true	 Min:20
BCEZYFDaHIJKMLNbOQRSTU	b	 U	true	 Min:19
BCEZYFDaHIJKMLNbOQRSTU	O	 U	true	 Min:18
BCEZYFDaHIJKMLNbOQRSTU	P	 U	true	 Min:19
BCEZYFDaHIJKMLNbOQRSTU	Q	 U	true	 Min:18
BCEZYFDaHIJKMLNbOQRSTU	R	 U	true	 Min:17
BCEZYFDaHIJKMLNbOQRSTU	c	 U	true	 Min:18
BCEZYFDaHIJKMLNbOQRSTU	S	 U	true	 Min:17
BCEZYFDaHIJKMLNbOQRSTU	T	 U	true	 Min:16
BCEZYFDaHIJKMLNbOQRSTU	U	 U	false	 Min:15
BCEZYFDaHIJKMLNbOQRSTU	V	 U	true	 Min:16
BCEZYFDaHIJKMLNbOQRSTU	Â	 U	true	 Min:17
BCEZYFDaHIJKMLNbOQRSTU	ª	 U	true	 Min:18
BCEZYFDaHIJKMLNbOQRSTU	W	 U	true	 Min:19
BCEZYFDaHIJKMLNbOQRSTU	X	 U	true	 Min:20
BCEZYFDaHIJKMLNbOQRSTUV	B	 V	true	 Min:22
BCEZYFDaHIJKMLNbOQRSTUV	C	 V	true	 Min:21
BCEZYFDaHIJKMLNbOQRSTUV	Z	 V	true	 Min:20
BCEZYFDaHIJKMLNbOQRSTUV	D	 V	true	 Min:19
BCEZYFDaHIJKMLNbOQRSTUV	E	 V	true	 Min:20
BCEZYFDaHIJKMLNbOQRSTUV	"	 V	true	 Min:21
BCEZYFDaHIJKMLNbOQRSTUV	!	 V	true	 Min:22
BCEZYFDaHIJKMLNbOQRSTUV	Y	 V	true	 Min:23
BCEZYFDaHIJKMLNbOQRSTUV	F	 V	true	 Min:22
BCEZYFDaHIJKMLNbOQRSTUV	a	 V	true	 Min:21
BCEZYFDaHIJKMLNbOQRSTUV	H	 V	true	 Min:20
BCEZYFDaHIJKMLNbOQRSTUV	G	 V	true	 Min:21
BCEZYFDaHIJKMLNbOQRSTUV	I	 V	true	 Min:20
BCEZYFDaHIJKMLNbOQRSTUV	J	 V	true	 Min:19
BCEZYFDaHIJKMLNbOQRSTUV	K	 V	true	 Min:18
BCEZYFDaHIJKMLNbOQRSTUV	Ã	 V	true	 Min:19
BCEZYFDaHIJKMLNbOQRSTUV	§	 V	true	 Min:20
BCEZYFDaHIJKMLNbOQRSTUV	M	 V	true	 Min:19
BCEZYFDaHIJKMLNbOQRSTUV	L	 V	true	 Min:18
BCEZYFDaHIJKMLNbOQRSTUV	Â	 V	true	 Min:19
BCEZYFDaHIJKMLNbOQRSTUV	¸	 V	true	 Min:20
BCEZYFDaHIJKMLNbOQRSTUV	.	 V	true	 Min:21
BCEZYFDaHIJKMLNbOQRSTUV	/	 V	true	 Min:22
BCEZYFDaHIJKMLNbOQRSTUV	N	 V	true	 Min:21
BCEZYFDaHIJKMLNbOQRSTUV	b	 V	true	 Min:20
BCEZYFDaHIJKMLNbOQRSTUV	O	 V	true	 Min:19
BCEZYFDaHIJKMLNbOQRSTUV	P	 V	true	 Min:20
BCEZYFDaHIJKMLNbOQRSTUV	Q	 V	true	 Min:19
BCEZYFDaHIJKMLNbOQRSTUV	R	 V	true	 Min:18
BCEZYFDaHIJKMLNbOQRSTUV	c	 V	true	 Min:19
BCEZYFDaHIJKMLNbOQRSTUV	S	 V	true	 Min:18
BCEZYFDaHIJKMLNbOQRSTUV	T	 V	true	 Min:17
BCEZYFDaHIJKMLNbOQRSTUV	U	 V	true	 Min:16
BCEZYFDaHIJKMLNbOQRSTUV	V	 V	false	 Min:15
BCEZYFDaHIJKMLNbOQRSTUV	Â	 V	true	 Min:16
BCEZYFDaHIJKMLNbOQRSTUV	ª	 V	true	 Min:17
BCEZYFDaHIJKMLNbOQRSTUV	W	 V	true	 Min:18
BCEZYFDaHIJKMLNbOQRSTUV	X	 V	true	 Min:19
BCEZYFDaHIJKMLNbOQRSTUVW	B	 W	true	 Min:23
BCEZYFDaHIJKMLNbOQRSTUVW	C	 W	true	 Min:22
BCEZYFDaHIJKMLNbOQRSTUVW	Z	 W	true	 Min:21
BCEZYFDaHIJKMLNbOQRSTUVW	D	 W	true	 Min:20
BCEZYFDaHIJKMLNbOQRSTUVW	E	 W	true	 Min:21
BCEZYFDaHIJKMLNbOQRSTUVW	"	 W	true	 Min:22
BCEZYFDaHIJKMLNbOQRSTUVW	!	 W	true	 Min:23
BCEZYFDaHIJKMLNbOQRSTUVW	Y	 W	true	 Min:24
BCEZYFDaHIJKMLNbOQRSTUVW	F	 W	true	 Min:23
BCEZYFDaHIJKMLNbOQRSTUVW	a	 W	true	 Min:22
BCEZYFDaHIJKMLNbOQRSTUVW	H	 W	true	 Min:21
BCEZYFDaHIJKMLNbOQRSTUVW	G	 W	true	 Min:22
BCEZYFDaHIJKMLNbOQRSTUVW	I	 W	true	 Min:21
BCEZYFDaHIJKMLNbOQRSTUVW	J	 W	true	 Min:20
BCEZYFDaHIJKMLNbOQRSTUVW	K	 W	true	 Min:19
BCEZYFDaHIJKMLNbOQRSTUVW	Ã	 W	true	 Min:20
BCEZYFDaHIJKMLNbOQRSTUVW	§	 W	true	 Min:21
BCEZYFDaHIJKMLNbOQRSTUVW	M	 W	true	 Min:20
BCEZYFDaHIJKMLNbOQRSTUVW	L	 W	true	 Min:19
BCEZYFDaHIJKMLNbOQRSTUVW	Â	 W	true	 Min:20
BCEZYFDaHIJKMLNbOQRSTUVW	¸	 W	true	 Min:21
BCEZYFDaHIJKMLNbOQRSTUVW	.	 W	true	 Min:22
BCEZYFDaHIJKMLNbOQRSTUVW	/	 W	true	 Min:23
BCEZYFDaHIJKMLNbOQRSTUVW	N	 W	true	 Min:22
BCEZYFDaHIJKMLNbOQRSTUVW	b	 W	true	 Min:21
BCEZYFDaHIJKMLNbOQRSTUVW	O	 W	true	 Min:20
BCEZYFDaHIJKMLNbOQRSTUVW	P	 W	true	 Min:21
BCEZYFDaHIJKMLNbOQRSTUVW	Q	 W	true	 Min:20
BCEZYFDaHIJKMLNbOQRSTUVW	R	 W	true	 Min:19
BCEZYFDaHIJKMLNbOQRSTUVW	c	 W	true	 Min:20
BCEZYFDaHIJKMLNbOQRSTUVW	S	 W	true	 Min:19
BCEZYFDaHIJKMLNbOQRSTUVW	T	 W	true	 Min:18
BCEZYFDaHIJKMLNbOQRSTUVW	U	 W	true	 Min:17
BCEZYFDaHIJKMLNbOQRSTUVW	V	 W	true	 Min:16
BCEZYFDaHIJKMLNbOQRSTUVW	Â	 W	true	 Min:17
BCEZYFDaHIJKMLNbOQRSTUVW	ª	 W	true	 Min:18
BCEZYFDaHIJKMLNbOQRSTUVW	W	 W	false	 Min:17
BCEZYFDaHIJKMLNbOQRSTUVW	X	 W	true	 Min:18
BCEZYFDaHIJKMLNbOQRSTUVWX	B	 X	true	 Min:24
BCEZYFDaHIJKMLNbOQRSTUVWX	C	 X	true	 Min:23
BCEZYFDaHIJKMLNbOQRSTUVWX	Z	 X	true	 Min:22
BCEZYFDaHIJKMLNbOQRSTUVWX	D	 X	true	 Min:21
BCEZYFDaHIJKMLNbOQRSTUVWX	E	 X	true	 Min:22
BCEZYFDaHIJKMLNbOQRSTUVWX	"	 X	true	 Min:23
BCEZYFDaHIJKMLNbOQRSTUVWX	!	 X	true	 Min:24
BCEZYFDaHIJKMLNbOQRSTUVWX	Y	 X	true	 Min:25
BCEZYFDaHIJKMLNbOQRSTUVWX	F	 X	true	 Min:24
BCEZYFDaHIJKMLNbOQRSTUVWX	a	 X	true	 Min:23
BCEZYFDaHIJKMLNbOQRSTUVWX	H	 X	true	 Min:22
BCEZYFDaHIJKMLNbOQRSTUVWX	G	 X	true	 Min:23
BCEZYFDaHIJKMLNbOQRSTUVWX	I	 X	true	 Min:22
BCEZYFDaHIJKMLNbOQRSTUVWX	J	 X	true	 Min:21
BCEZYFDaHIJKMLNbOQRSTUVWX	K	 X	true	 Min:20
BCEZYFDaHIJKMLNbOQRSTUVWX	Ã	 X	true	 Min:21
BCEZYFDaHIJKMLNbOQRSTUVWX	§	 X	true	 Min:22
BCEZYFDaHIJKMLNbOQRSTUVWX	M	 X	true	 Min:21
BCEZYFDaHIJKMLNbOQRSTUVWX	L	 X	true	 Min:20
BCEZYFDaHIJKMLNbOQRSTUVWX	Â	 X	true	 Min:21
BCEZYFDaHIJKMLNbOQRSTUVWX	¸	 X	true	 Min:22
BCEZYFDaHIJKMLNbOQRSTUVWX	.	 X	true	 Min:23
BCEZYFDaHIJKMLNbOQRSTUVWX	/	 X	true	 Min:24
BCEZYFDaHIJKMLNbOQRSTUVWX	N	 X	true	 Min:23
BCEZYFDaHIJKMLNbOQRSTUVWX	b	 X	true	 Min:22
BCEZYFDaHIJKMLNbOQRSTUVWX	O	 X	true	 Min:21
BCEZYFDaHIJKMLNbOQRSTUVWX	P	 X	true	 Min:22
BCEZYFDaHIJKMLNbOQRSTUVWX	Q	 X	true	 Min:21
BCEZYFDaHIJKMLNbOQRSTUVWX	R	 X	true	 Min:20
BCEZYFDaHIJKMLNbOQRSTUVWX	c	 X	true	 Min:21
BCEZYFDaHIJKMLNbOQRSTUVWX	S	 X	true	 Min:20
BCEZYFDaHIJKMLNbOQRSTUVWX	T	 X	true	 Min:19
BCEZYFDaHIJKMLNbOQRSTUVWX	U	 X	true	 Min:18
BCEZYFDaHIJKMLNbOQRSTUVWX	V	 X	true	 Min:17
BCEZYFDaHIJKMLNbOQRSTUVWX	Â	 X	true	 Min:18
BCEZYFDaHIJKMLNbOQRSTUVWX	ª	 X	true	 Min:19
BCEZYFDaHIJKMLNbOQRSTUVWX	W	 X	true	 Min:18
BCEZYFDaHIJKMLNbOQRSTUVWX	X	 X	false	 Min:17
BCEZYFDaHIJKMLNbOQRSTUVWXA	B	 A	true	 Min:25
BCEZYFDaHIJKMLNbOQRSTUVWXA	C	 A	true	 Min:24
BCEZYFDaHIJKMLNbOQRSTUVWXA	Z	 A	true	 Min:23
BCEZYFDaHIJKMLNbOQRSTUVWXA	D	 A	true	 Min:22
BCEZYFDaHIJKMLNbOQRSTUVWXA	E	 A	true	 Min:23
BCEZYFDaHIJKMLNbOQRSTUVWXA	"	 A	true	 Min:24
BCEZYFDaHIJKMLNbOQRSTUVWXA	!	 A	true	 Min:25
BCEZYFDaHIJKMLNbOQRSTUVWXA	Y	 A	true	 Min:26
BCEZYFDaHIJKMLNbOQRSTUVWXA	F	 A	true	 Min:25
BCEZYFDaHIJKMLNbOQRSTUVWXA	a	 A	true	 Min:24
BCEZYFDaHIJKMLNbOQRSTUVWXA	H	 A	true	 Min:23
BCEZYFDaHIJKMLNbOQRSTUVWXA	G	 A	true	 Min:24
BCEZYFDaHIJKMLNbOQRSTUVWXA	I	 A	true	 Min:23
BCEZYFDaHIJKMLNbOQRSTUVWXA	J	 A	true	 Min:22
BCEZYFDaHIJKMLNbOQRSTUVWXA	K	 A	true	 Min:21
BCEZYFDaHIJKMLNbOQRSTUVWXA	Ã	 A	true	 Min:22
BCEZYFDaHIJKMLNbOQRSTUVWXA	§	 A	true	 Min:23
BCEZYFDaHIJKMLNbOQRSTUVWXA	M	 A	true	 Min:22
BCEZYFDaHIJKMLNbOQRSTUVWXA	L	 A	true	 Min:21
BCEZYFDaHIJKMLNbOQRSTUVWXA	Â	 A	true	 Min:22
BCEZYFDaHIJKMLNbOQRSTUVWXA	¸	 A	true	 Min:23
BCEZYFDaHIJKMLNbOQRSTUVWXA	.	 A	true	 Min:24
BCEZYFDaHIJKMLNbOQRSTUVWXA	/	 A	true	 Min:25
BCEZYFDaHIJKMLNbOQRSTUVWXA	N	 A	true	 Min:24
BCEZYFDaHIJKMLNbOQRSTUVWXA	b	 A	true	 Min:23
BCEZYFDaHIJKMLNbOQRSTUVWXA	O	 A	true	 Min:22
BCEZYFDaHIJKMLNbOQRSTUVWXA	P	 A	true	 Min:23
BCEZYFDaHIJKMLNbOQRSTUVWXA	Q	 A	true	 Min:22
BCEZYFDaHIJKMLNbOQRSTUVWXA	R	 A	true	 Min:21
BCEZYFDaHIJKMLNbOQRSTUVWXA	c	 A	true	 Min:22
BCEZYFDaHIJKMLNbOQRSTUVWXA	S	 A	true	 Min:21
BCEZYFDaHIJKMLNbOQRSTUVWXA	T	 A	true	 Min:20
BCEZYFDaHIJKMLNbOQRSTUVWXA	U	 A	true	 Min:19
BCEZYFDaHIJKMLNbOQRSTUVWXA	V	 A	true	 Min:18
BCEZYFDaHIJKMLNbOQRSTUVWXA	Â	 A	true	 Min:19
BCEZYFDaHIJKMLNbOQRSTUVWXA	ª	 A	true	 Min:20
BCEZYFDaHIJKMLNbOQRSTUVWXA	W	 A	true	 Min:19
BCEZYFDaHIJKMLNbOQRSTUVWXA	X	 A	true	 Min:18
